May 20, 2018 4:55:35 PM com.ilkaygunel.service.MemberSaveService addOneMember
SEVERE: Failed messages: javax.mail.MessagingException: IOException while sending message;
  nested exception is:
	java.io.FileNotFoundException: /home/ilkaygunel/Desktop/notlar.txt (No such file or directory)
May 20, 2018 4:55:35 PM com.ilkaygunel.service.MemberSaveService addBulkMember
SEVERE: nullnull
May 20, 2018 4:59:42 PM com.ilkaygunel.service.MemberSaveService addOneMember
SEVERE: Failed messages: javax.mail.MessagingException: IOException while sending message;
  nested exception is:
	java.io.FileNotFoundException: /home/ilkaygunel/Desktop/notlar.txt (No such file or directory)
May 20, 2018 5:00:28 PM com.ilkaygunel.service.MemberSaveService addBulkMember
SEVERE: nullnull
May 20, 2018 5:12:44 PM com.ilkaygunel.service.MemberSaveService addOneMember
SEVERE: Failed messages: javax.mail.MessagingException: IOException while sending message;
  nested exception is:
	java.io.FileNotFoundException: /home/ilkaygunel/Desktop/notlar.txt (No such file or directory)
May 20, 2018 5:13:05 PM com.ilkaygunel.service.MemberSaveService addBulkMember
SEVERE: nullnull
May 20, 2018 5:25:43 PM com.ilkaygunel.service.MemberSaveService addOneMember
SEVERE: Failed messages: javax.mail.MessagingException: IOException while sending message;
  nested exception is:
	java.io.FileNotFoundException: /home/ilkaygunel/Desktop/notlar.txt (No such file or directory)
May 20, 2018 5:25:43 PM com.ilkaygunel.service.MemberSaveService addBulkMember
SEVERE: An error occured while saving bulk user member. Error is:ERROR-10 Failed messages: javax.mail.MessagingException: IOException while sending message;
  nested exception is:
	java.io.FileNotFoundException: /home/ilkaygunel/Desktop/notlar.txt (No such file or directory)
May 20, 2018 5:27:29 PM com.ilkaygunel.service.MemberSaveService addOneMember
SEVERE: Failed messages: javax.mail.MessagingException: IOException while sending message;
  nested exception is:
	java.io.FileNotFoundException: /home/ilkaygunel/Desktop/notlar.txt (No such file or directory)
May 20, 2018 5:27:29 PM com.ilkaygunel.service.MemberSaveService addBulkMember
SEVERE: An error occured while saving bulk user member. Error is:ERROR-10 Failed messages: javax.mail.MessagingException: IOException while sending message;
  nested exception is:
	java.io.FileNotFoundException: /home/ilkaygunel/Desktop/notlar.txt (No such file or directory)
May 20, 2018 5:30:06 PM com.ilkaygunel.service.MemberSaveService addOneMember
SEVERE: Failed messages: javax.mail.MessagingException: IOException while sending message;
  nested exception is:
	java.io.FileNotFoundException: /home/ilkaygunel/Desktop/notlar.txt (No such file or directory)
May 20, 2018 5:31:03 PM com.ilkaygunel.service.MemberSaveService addBulkMember
SEVERE: An error occured while saving bulk user member. Error is:ERROR-10 Failed messages: javax.mail.MessagingException: IOException while sending message;
  nested exception is:
	java.io.FileNotFoundException: /home/ilkaygunel/Desktop/notlar.txt (No such file or directory)
May 20, 2018 5:39:00 PM com.ilkaygunel.service.MemberSaveService addOneMember
SEVERE: Failed messages: javax.mail.MessagingException: IOException while sending message;
  nested exception is:
	java.io.FileNotFoundException: /home/ilkaygunel/Desktop/notlar.txt (No such file or directory)
May 20, 2018 5:40:52 PM com.ilkaygunel.service.MemberSaveService addBulkMember
SEVERE: An error occured while saving bulk user member. Error is:ERROR-10 Failed messages: javax.mail.MessagingException: IOException while sending message;
  nested exception is:
	java.io.FileNotFoundException: /home/ilkaygunel/Desktop/notlar.txt (No such file or directory)
May 20, 2018 5:55:43 PM com.ilkaygunel.service.MemberSaveService addOneMember
SEVERE: Failed messages: javax.mail.MessagingException: IOException while sending message;
  nested exception is:
	java.io.FileNotFoundException: /home/ilkaygunel/Desktop/notlar.txt (No such file or directory)
May 20, 2018 5:55:43 PM com.ilkaygunel.service.MemberSaveService addBulkMember
SEVERE: An error occured while saving bulk user member. Error is:ERROR-10 Failed messages: javax.mail.MessagingException: IOException while sending message;
  nested exception is:
	java.io.FileNotFoundException: /home/ilkaygunel/Desktop/notlar.txt (No such file or directory)
