May 12, 2018 9:13:28 PM com.ilkaygunel.service.MemberDeleteService deleteOneMember
INFO: null
May 12, 2018 9:13:28 PM com.ilkaygunel.service.MemberDeleteService deleteOneMember
SEVERE: nullnull
May 12, 2018 9:15:02 PM com.ilkaygunel.service.MemberDeleteService deleteOneMember
INFO: null
May 12, 2018 9:15:02 PM com.ilkaygunel.service.MemberDeleteService deleteOneMember
INFO: nullMember [id=11, firstName='Michael', lastName='Schumacher', email='ilkay.gunel@kod5.org']
May 12, 2018 9:16:40 PM com.ilkaygunel.service.MemberDeleteService deleteOneMember
INFO: null
May 12, 2018 9:16:40 PM com.ilkaygunel.service.MemberDeleteService deleteOneMember
INFO: nullMember [id=12, firstName='Michael', lastName='Schumacher', email='ilkay.gunel@kod5.org']
May 12, 2018 9:18:48 PM com.ilkaygunel.service.MemberDeleteService deleteOneMember
INFO: null
May 12, 2018 9:18:48 PM com.ilkaygunel.service.MemberDeleteService deleteOneMember
INFO: nullMember [id=13, firstName='Michael', lastName='Schumacher', email='ilkay.gunel@kod5.org']
May 13, 2018 12:36:56 AM com.ilkaygunel.service.MemberDeleteService deleteOneMember
INFO: null
May 13, 2018 12:36:56 AM com.ilkaygunel.service.MemberDeleteService deleteOneMember
INFO: nullMember [id=2, firstName='Michael', lastName='Schumacher', email='ilkay.gunel@kod5.org']
May 20, 2018 7:26:07 PM com.ilkaygunel.service.MemberDeleteService deleteOneMember
INFO: null
May 20, 2018 7:26:08 PM com.ilkaygunel.service.MemberDeleteService deleteOneMember
INFO: nullMember [id=2, firstName='Mika', lastName='Hakkinen', email='ilkay.gunel@kod5.org']
May 20, 2018 7:26:08 PM com.ilkaygunel.service.MemberDeleteService deleteOneMember
INFO: null
May 20, 2018 7:26:08 PM com.ilkaygunel.service.MemberDeleteService deleteOneMember
INFO: nullMember [id=3, firstName='David', lastName='Coulthard', email='ilkay_gunel34@hotmail.com']
