May 20, 2018 4:35:15 PM com.ilkaygunel.service.MemberSaveService addBulkUserMember
SEVERE: An error occured while saving user member. Error is:ERROR-06 This e-mail address is existing. ilkgunel93@gmail.com
May 20, 2018 4:36:23 PM com.ilkaygunel.service.MemberSaveService addBulkMember
INFO: null
May 20, 2018 4:36:23 PM com.ilkaygunel.service.MemberSaveService addOneMember
INFO: Tekil kullanıcı üye ekleme metodu çalışıyor!
May 20, 2018 4:36:25 PM com.ilkaygunel.service.MemberSaveService addOneMember
SEVERE: Tekil kullanıcı üye ekleme işlemi sırasında hata oluştu. Hata:Failed messages: javax.mail.MessagingException: IOException while sending message;
  nested exception is:
	java.io.FileNotFoundException: /home/ilkaygunel/Desktop/notlar.txt (No such file or directory)
May 20, 2018 4:36:25 PM com.ilkaygunel.service.MemberSaveService addBulkMember
SEVERE: nullnull
May 20, 2018 4:55:32 PM com.ilkaygunel.service.MemberSaveService addBulkMember
INFO: null
May 20, 2018 4:55:32 PM com.ilkaygunel.service.MemberSaveService addOneMember
INFO: Tekil kullanıcı üye ekleme metodu çalışıyor!
May 20, 2018 4:55:35 PM com.ilkaygunel.service.MemberSaveService addOneMember
SEVERE: Tekil kullanıcı üye ekleme işlemi sırasında hata oluştu. Hata:Failed messages: javax.mail.MessagingException: IOException while sending message;
  nested exception is:
	java.io.FileNotFoundException: /home/ilkaygunel/Desktop/notlar.txt (No such file or directory)
May 20, 2018 4:58:57 PM com.ilkaygunel.service.MemberSaveService addBulkMember
INFO: null
May 20, 2018 4:59:12 PM com.ilkaygunel.service.MemberSaveService addOneMember
INFO: Tekil kullanıcı üye ekleme metodu çalışıyor!
May 20, 2018 4:59:37 PM com.ilkaygunel.service.MemberSaveService addOneMember
SEVERE: Tekil kullanıcı üye ekleme işlemi sırasında hata oluştu. Hata:Failed messages: javax.mail.MessagingException: IOException while sending message;
  nested exception is:
	java.io.FileNotFoundException: /home/ilkaygunel/Desktop/notlar.txt (No such file or directory)
May 20, 2018 5:12:42 PM com.ilkaygunel.service.MemberSaveService addBulkMember
INFO: null
May 20, 2018 5:12:42 PM com.ilkaygunel.service.MemberSaveService addOneMember
INFO: Tekil kullanıcı üye ekleme metodu çalışıyor!
May 20, 2018 5:12:44 PM com.ilkaygunel.service.MemberSaveService addOneMember
SEVERE: Tekil kullanıcı üye ekleme işlemi sırasında hata oluştu. Hata:Failed messages: javax.mail.MessagingException: IOException while sending message;
  nested exception is:
	java.io.FileNotFoundException: /home/ilkaygunel/Desktop/notlar.txt (No such file or directory)
May 20, 2018 5:25:42 PM com.ilkaygunel.service.MemberSaveService addBulkMember
INFO: null
May 20, 2018 5:25:42 PM com.ilkaygunel.service.MemberSaveService addOneMember
INFO: Tekil kullanıcı üye ekleme metodu çalışıyor!
May 20, 2018 5:25:43 PM com.ilkaygunel.service.MemberSaveService addOneMember
SEVERE: Tekil kullanıcı üye ekleme işlemi sırasında hata oluştu. Hata:Failed messages: javax.mail.MessagingException: IOException while sending message;
  nested exception is:
	java.io.FileNotFoundException: /home/ilkaygunel/Desktop/notlar.txt (No such file or directory)
May 20, 2018 5:27:27 PM com.ilkaygunel.service.MemberSaveService addBulkMember
INFO: null
May 20, 2018 5:27:27 PM com.ilkaygunel.service.MemberSaveService addOneMember
INFO: Tekil kullanıcı üye ekleme metodu çalışıyor!
May 20, 2018 5:27:29 PM com.ilkaygunel.service.MemberSaveService addOneMember
SEVERE: Tekil kullanıcı üye ekleme işlemi sırasında hata oluştu. Hata:Failed messages: javax.mail.MessagingException: IOException while sending message;
  nested exception is:
	java.io.FileNotFoundException: /home/ilkaygunel/Desktop/notlar.txt (No such file or directory)
May 20, 2018 5:27:44 PM com.ilkaygunel.service.MemberSaveService addBulkUserMember
SEVERE: An error occured while saving user member. Error is:ERROR-06 This e-mail address is existing. ilkay.gunel@kod5.org
May 20, 2018 5:28:56 PM com.ilkaygunel.service.MemberSaveService addBulkMember
INFO: null
May 20, 2018 5:28:56 PM com.ilkaygunel.service.MemberSaveService addOneMember
INFO: Tekil kullanıcı üye ekleme metodu çalışıyor!
May 20, 2018 5:30:03 PM com.ilkaygunel.service.MemberSaveService addOneMember
SEVERE: Tekil kullanıcı üye ekleme işlemi sırasında hata oluştu. Hata:Failed messages: javax.mail.MessagingException: IOException while sending message;
  nested exception is:
	java.io.FileNotFoundException: /home/ilkaygunel/Desktop/notlar.txt (No such file or directory)
May 20, 2018 5:38:27 PM com.ilkaygunel.service.MemberSaveService addBulkMember
INFO: null
May 20, 2018 5:38:27 PM com.ilkaygunel.service.MemberSaveService addOneMember
INFO: Tekil kullanıcı üye ekleme metodu çalışıyor!
May 20, 2018 5:38:55 PM com.ilkaygunel.service.MemberSaveService addOneMember
SEVERE: Tekil kullanıcı üye ekleme işlemi sırasında hata oluştu. Hata:Failed messages: javax.mail.MessagingException: IOException while sending message;
  nested exception is:
	java.io.FileNotFoundException: /home/ilkaygunel/Desktop/notlar.txt (No such file or directory)
May 20, 2018 5:55:41 PM com.ilkaygunel.service.MemberSaveService addBulkMember
INFO: null
May 20, 2018 5:55:41 PM com.ilkaygunel.service.MemberSaveService addOneMember
INFO: Tekil kullanıcı üye ekleme metodu çalışıyor!
May 20, 2018 5:55:43 PM com.ilkaygunel.service.MemberSaveService addOneMember
SEVERE: Tekil kullanıcı üye ekleme işlemi sırasında hata oluştu. Hata:Failed messages: javax.mail.MessagingException: IOException while sending message;
  nested exception is:
	java.io.FileNotFoundException: /home/ilkaygunel/Desktop/notlar.txt (No such file or directory)
May 20, 2018 7:10:16 PM com.ilkaygunel.service.MemberSaveService addBulkMember
INFO: null
May 20, 2018 7:10:16 PM com.ilkaygunel.service.MemberSaveService addOneMember
INFO: Tekil kullanıcı üye ekleme metodu çalışıyor!
May 20, 2018 7:10:20 PM com.ilkaygunel.service.MemberSaveService addOneMember
INFO: Tekil kullanıcı üye ekleme işlemi başarı ile tamamlandı. Üye Bilgileri:Member [id=2, firstName='Mika', lastName='Hakkinen', email='ilkay.gunel@kod5.org']
May 20, 2018 7:10:20 PM com.ilkaygunel.service.MemberSaveService addOneMember
INFO: One user member adding method is running!
May 20, 2018 7:10:24 PM com.ilkaygunel.service.MemberSaveService addOneMember
INFO: One user member saving is successfull. Member info is:Member [id=3, firstName='David', lastName='Coulthard', email='ilkay_gunel34@hotmail.com']
May 20, 2018 7:10:24 PM com.ilkaygunel.service.MemberSaveService addBulkMember
INFO: null[Member [id=2, firstName='Mika', lastName='Hakkinen', email='ilkay.gunel@kod5.org'], Member [id=3, firstName='David', lastName='Coulthard', email='ilkay_gunel34@hotmail.com']]
May 20, 2018 7:14:18 PM com.ilkaygunel.service.MemberSaveService addBulkMember
INFO: Bulk user member adding method is running!
May 20, 2018 7:14:18 PM com.ilkaygunel.service.MemberSaveService addOneMember
INFO: Tekil kullanıcı üye ekleme metodu çalışıyor!
May 20, 2018 7:14:21 PM com.ilkaygunel.service.MemberSaveService addOneMember
INFO: Tekil kullanıcı üye ekleme işlemi başarı ile tamamlandı. Üye Bilgileri:Member [id=2, firstName='Mika', lastName='Hakkinen', email='ilkay.gunel@kod5.org']
May 20, 2018 7:14:21 PM com.ilkaygunel.service.MemberSaveService addOneMember
INFO: One user member adding method is running!
May 20, 2018 7:14:23 PM com.ilkaygunel.service.MemberSaveService addOneMember
INFO: One user member saving is successfull. Member info is:Member [id=3, firstName='David', lastName='Coulthard', email='ilkay_gunel34@hotmail.com']
May 20, 2018 7:14:23 PM com.ilkaygunel.service.MemberSaveService addBulkMember
INFO: Bulk user member saving is successfull. Members' informations are:[Member [id=2, firstName='Mika', lastName='Hakkinen', email='ilkay.gunel@kod5.org'], Member [id=3, firstName='David', lastName='Coulthard', email='ilkay_gunel34@hotmail.com']]
May 20, 2018 10:08:04 PM com.ilkaygunel.service.MemberSaveService addBulkMember
INFO: Bulk user member adding method is running!
May 20, 2018 10:08:04 PM com.ilkaygunel.service.MemberSaveService addOneMember
INFO: Tekil kullanıcı üye ekleme metodu çalışıyor!
May 20, 2018 10:08:09 PM com.ilkaygunel.service.MemberSaveService addOneMember
INFO: Tekil kullanıcı üye ekleme işlemi başarı ile tamamlandı. Üye Bilgileri:Member [id=4, firstName='Mika', lastName='Hakkinen', email='ilkay.gunel@kod5.org']
May 20, 2018 10:08:09 PM com.ilkaygunel.service.MemberSaveService addOneMember
INFO: One user member adding method is running!
May 20, 2018 10:08:13 PM com.ilkaygunel.service.MemberSaveService addOneMember
INFO: One user member saving is successfull. Member info is:Member [id=5, firstName='David', lastName='Coulthard', email='ilkay_gunel34@hotmail.com']
May 20, 2018 10:08:13 PM com.ilkaygunel.service.MemberSaveService addBulkMember
INFO: Bulk user member saving is successfull. Members' informations are:[Member [id=4, firstName='Mika', lastName='Hakkinen', email='ilkay.gunel@kod5.org'], Member [id=5, firstName='David', lastName='Coulthard', email='ilkay_gunel34@hotmail.com']]
